[2025-05-22 09:36:03] WARN: GET /be-trello/api/docs 404 5.916 ms - 64
[2025-05-22 09:36:03] WARN: GET /favicon.ico 404 0.892 ms - 64
[2025-05-22 09:36:11] INFO: GET /be-trello/api 200 1.081 ms - 76
[2025-05-22 09:36:15] WARN: GET /be-trello/api/docs 404 0.768 ms - 64
[2025-05-22 09:36:44] WARN: GET /be-trello/api/docs 404 0.686 ms - 64
[2025-05-22 09:36:59] INFO: GET /be-trello/api/docs 301 2.879 ms - 168
[2025-05-22 09:36:59] INFO: GET /be-trello/api/docs/ 200 1.788 ms - 15060
[2025-05-22 09:36:59] INFO: GET /be-trello/api/docs/swagger-ui.css 200 4.828 ms - 154986
[2025-05-22 09:36:59] INFO: GET /be-trello/api/docs/swagger-ui-standalone-preset.js 200 4.865 ms - 229223
[2025-05-22 09:36:59] INFO: GET /be-trello/api/docs/swagger-ui-bundle.js 200 12.245 ms - 1468326
[2025-05-22 09:36:59] INFO: GET /be-trello/api/docs/swagger-ui-init.js 200 0.751 ms - 31847
[2025-05-22 09:36:59] INFO: GET /be-trello/api/docs/favicon-32x32.png 200 1.268 ms - 628
[2025-05-22 09:37:29] WARN: GET /be-trello/api/todos 401 6.645 ms - 78
[2025-05-22 09:41:19] WARN: GET /be-trello/api/todos 401 4.314 ms - 78
[2025-05-22 09:41:24] WARN: GET /be-trello/api/todos 401 1.027 ms - 78
[2025-05-22 09:41:24] WARN: GET /be-trello/api/todos 401 0.778 ms - 78
[2025-05-22 09:42:58] WARN: GET /api 404 1.137 ms - 64
[2025-05-22 09:43:02] WARN: GET /be-trello/api/todos 401 0.841 ms - 78
[2025-05-22 09:43:30] INFO: GET /be-trello/api/todos 200 24.962 ms - 77
[2025-05-22 10:19:09] INFO: POST /be-trello/api/todos 201 43.427 ms - 101
[2025-05-22 10:19:09] INFO: GET /be-trello/api/todos 200 3.518 ms - 110
[2025-05-22 10:19:13] ERROR: GET /be-trello/api/items/undefined 500 13.969 ms - 416
[2025-05-22 10:19:13] ERROR: GET /be-trello/api/items/undefined 500 2.678 ms - 416
[2025-05-22 10:19:17] INFO: POST /be-trello/api/items 201 4.936 ms - 112
[2025-05-22 10:19:17] INFO: GET /be-trello/api/todos 200 2.585 ms - 143
[2025-05-22 10:19:21] INFO: GET /be-trello/api/items/1 200 6.538 ms - 199
[2025-05-22 10:19:21] INFO: GET /be-trello/api/items/1 304 2.724 ms - 0
